<?xml version="1.0" encoding="UTF-8"?>
<!-- Generated by org.testng.reporters.JUnitReportReporter -->
<testsuite hostname="LAPTOP-0QPIVDQ4" name="com.amazon.testcases.HomePageFilter" tests="1" failures="0" timestamp="9 Dec 2018 17:01:43 GMT" time="42.526" errors="0">
  <testcase name="verifyHomePageSweetsFilterTest" time="42.526" classname="com.amazon.testcases.HomePageFilter"/>
</testsuite> <!-- com.amazon.testcases.HomePageFilter -->
