<?xml version="1.0" encoding="UTF-8"?>
<!-- Generated by org.testng.reporters.JUnitReportReporter -->
<testsuite hostname="LAPTOP-0QPIVDQ4" name="com.amazon.testcases.HomePageTest" tests="2" failures="0" timestamp="9 Dec 2018 16:29:48 GMT" time="55.697" errors="0">
  <testcase name="homePageSearchTest" time="46.465" classname="com.amazon.testcases.HomePageTest"/>
  <testcase name="homePageTitelTest" time="9.232" classname="com.amazon.testcases.HomePageTest"/>
</testsuite> <!-- com.amazon.testcases.HomePageTest -->
