<?xml version="1.0" encoding="UTF-8"?>
<!-- Generated by org.testng.reporters.JUnitReportReporter -->
<testsuite hostname="LAPTOP-0QPIVDQ4" name="com.amazon.testcases.HomePageFilterTest" tests="1" failures="0" timestamp="9 Dec 2018 22:39:16 GMT" time="64.596" errors="0">
  <testcase name="verifyHomePageSweetsFilterTest" time="64.596" classname="com.amazon.testcases.HomePageFilterTest"/>
</testsuite> <!-- com.amazon.testcases.HomePageFilterTest -->
