<?xml version="1.0" encoding="UTF-8"?>
<!-- Generated by org.testng.reporters.JUnitReportReporter -->
<testsuite hostname="LAPTOP-0QPIVDQ4" name="com.amazon.testcases.SweetsFilterAmazonTest" tests="1" failures="0" timestamp="9 Dec 2018 16:56:24 GMT" time="37.523" errors="0">
  <testcase name="homePageSearchTest" time="37.523" classname="com.amazon.testcases.SweetsFilterAmazonTest"/>
</testsuite> <!-- com.amazon.testcases.SweetsFilterAmazonTest -->
