<?xml version="1.0" encoding="UTF-8"?>
<!-- Generated by org.testng.reporters.JUnitReportReporter -->
<testsuite hostname="LAPTOP-0QPIVDQ4" name="com.amazon.testcases.openAmazonWebsite" tests="1" failures="0" timestamp="7 Dec 2018 20:59:48 GMT" time="10.825" errors="0">
  <testcase name="openAmazonWebsite" time="10.825" classname="com.amazon.testcases.openAmazonWebsite"/>
</testsuite> <!-- com.amazon.testcases.openAmazonWebsite -->
