<?xml version="1.0" encoding="UTF-8"?>
<!-- Generated by org.testng.reporters.JUnitReportReporter -->
<testsuite hostname="LAPTOP-0QPIVDQ4" name="com.amazon.testcases.HomePageFilterTest" tests="1" failures="0" timestamp="10 Dec 2018 18:02:11 GMT" time="79.246" errors="0">
  <testcase name="verifyHomePageSweetsFilterTest" time="79.246" classname="com.amazon.testcases.HomePageFilterTest"/>
</testsuite> <!-- com.amazon.testcases.HomePageFilterTest -->
